SF:lib/ui/cocktails/data/models/drink_model.dart
DA:4,4
DA:38,2
DA:39,2
DA:40,4
DA:41,4
DA:42,4
DA:43,4
DA:44,4
DA:49,2
DA:50,2
DA:51,2
DA:52,2
DA:53,2
DA:54,2
DA:55,2
DA:56,2
DA:57,2
DA:58,2
DA:59,2
DA:60,2
DA:62,2
DA:63,2
DA:64,2
DA:68,1
DA:69,1
DA:70,1
DA:71,1
DA:72,1
DA:73,1
DA:74,1
DA:75,1
DA:76,1
DA:77,1
DA:78,1
DA:79,1
DA:80,1
DA:81,1
DA:82,1
DA:83,1
DA:84,1
DA:89,3
DA:97,1
DA:98,1
DA:99,1
DA:100,1
LF:45
LH:45
end_of_record
SF:lib/ui/cocktails/data/models/short_drink_model.dart
DA:4,4
DA:14,1
DA:15,0
DA:21,2
DA:22,2
DA:23,2
DA:24,2
DA:25,2
DA:28,1
DA:29,1
DA:30,1
DA:31,1
DA:32,1
LF:13
LH:12
end_of_record
SF:lib/core/network/api.dart
DA:8,0
DA:9,0
DA:10,0
LF:3
LH:0
end_of_record
SF:lib/ui/cocktails/data/datasources/coktails_remote_data_source.dart
DA:21,1
DA:31,1
DA:33,2
DA:34,4
DA:36,1
DA:37,1
DA:38,2
DA:39,1
DA:40,4
DA:44,1
DA:48,1
DA:52,2
DA:53,4
DA:55,1
DA:56,1
DA:57,2
DA:58,1
DA:59,4
DA:63,1
DA:67,1
DA:69,2
DA:70,4
DA:72,1
DA:73,1
DA:74,2
DA:75,1
DA:76,4
DA:77,1
DA:80,1
DA:84,1
DA:86,2
DA:87,4
DA:89,1
DA:90,1
DA:91,2
DA:92,1
DA:93,4
DA:97,1
LF:38
LH:38
end_of_record
SF:lib/core/network/network_info.dart
DA:9,0
DA:11,0
DA:12,0
LF:3
LH:0
end_of_record
SF:lib/ui/cocktails/data/repositories/cocktails_repository.dart
DA:21,1
DA:29,1
DA:31,2
DA:33,2
DA:34,1
DA:35,1
DA:36,2
DA:39,2
DA:43,1
DA:47,2
DA:49,2
DA:52,1
DA:53,1
DA:54,2
DA:57,2
DA:61,1
DA:63,2
DA:65,2
DA:68,1
DA:69,1
DA:70,2
DA:73,2
DA:77,1
DA:81,2
DA:83,2
DA:86,1
DA:87,1
DA:88,2
DA:91,2
LF:29
LH:29
end_of_record
SF:lib/core/error/failures.dart
DA:4,1
DA:10,0
DA:11,0
LF:3
LH:1
end_of_record
